<?xml version="1.0" encoding="UTF-8"?>
<!-- Generated by org.testng.reporters.JUnitReportReporter -->
<testsuite hostname="XPLAPTOP090" name="example1.TestNgMavenSecondClass" tests="1" failures="0" timestamp="26 Jan 2018 12:08:53 GMT" time="0.001" errors="0">
  <testcase name="oneMoreTest" time="0.001" classname="example1.TestNgMavenSecondClass"/>
</testsuite> <!-- example1.TestNgMavenSecondClass -->
