<?xml version="1.0" encoding="UTF-8"?>
<!-- Generated by org.testng.reporters.JUnitReportReporter -->
<testsuite hostname="XPLAPTOP090" name="example2.TestClass4" tests="2" failures="0" timestamp="26 Jan 2018 12:08:53 GMT" time="0.000" errors="0">
  <testcase name="e1" time="0.000" classname="example2.TestClass4"/>
  <testcase name="e2" time="0.000" classname="example2.TestClass4"/>
</testsuite> <!-- example2.TestClass4 -->
