<?xml version="1.0" encoding="UTF-8"?>
<!-- Generated by org.testng.reporters.JUnitReportReporter -->
<testsuite hostname="XPLAPTOP090" name="example2.TestClass3" tests="2" failures="0" timestamp="26 Jan 2018 12:08:53 GMT" time="0.001" errors="0">
  <testcase name="d2" time="0.001" classname="example2.TestClass3"/>
  <testcase name="d1" time="0.000" classname="example2.TestClass3"/>
</testsuite> <!-- example2.TestClass3 -->
