<?xml version="1.0" encoding="UTF-8"?>
<!-- Generated by org.testng.reporters.JUnitReportReporter -->
<testsuite hostname="BTW2HY1-VKUNDEL" name="example1.TestNgMavenExampleTest" tests="1" failures="0" timestamp="27 Nov 2019 12:20:49 GMT" time="0.000" errors="0">
  <testcase name="thisIsTheMethodName" time="0.000" classname="example1.TestNgMavenExampleTest"/>
</testsuite> <!-- example1.TestNgMavenExampleTest -->
