<?xml version="1.0" encoding="UTF-8"?>
<!-- Generated by org.testng.reporters.JUnitReportReporter -->
<testsuite hostname="BTW2HY1-VKUNDEL" name="example2.TestClass4" tests="2" failures="0" timestamp="27 Nov 2019 12:20:49 GMT" time="0.001" errors="0">
  <testcase name="e1" time="0.001" classname="example2.TestClass4"/>
  <testcase name="e2" time="0.000" classname="example2.TestClass4"/>
</testsuite> <!-- example2.TestClass4 -->
